PRT1
79
163
4 0 3 (4096 4096 -3584 ) (4096 4096 3520 ) (4096 5120 3520 ) (4096 5120 -3584 ) 
4 0 1 (4928 4096 3520 ) (4096 4096 3520 ) (4096 4096 -3584 ) (4928 4096 -3584 ) 
4 1 6 (4096 3072 -3584 ) (4096 3072 -64 ) (4096 4096 -64 ) (4096 4096 -3584 ) 
4 1 5 (4096 3072 1 ) (4096 3072 3520 ) (4096 4096 3520 ) (4096 4096 1 ) 
4 1 2 (4096 3072 3520 ) (4096 3072 -3584 ) (4928 3072 -3584 ) (4928 3072 3520 ) 
4 2 31 (4928 2048 3520 ) (4096 2048 3520 ) (4096 2048 -3584 ) (4928 2048 -3584 ) 
4 2 10 (4096 2048 -3584 ) (4096 2048 -64 ) (4096 3072 -64 ) (4096 3072 -3584 ) 
4 2 9 (4096 2048 1 ) (4096 2048 3520 ) (4096 3072 3520 ) (4096 3072 1 ) 
4 3 6 (4096 4096 -3584 ) (4096 4096 -64 ) (3072 4096 -64 ) (3072 4096 -3584 ) 
4 3 5 (4096 4096 1 ) (4096 4096 3520 ) (3072 4096 3520 ) (3072 4096 1 ) 
4 3 4 (3072 4096 -3584 ) (3072 4096 3520 ) (3072 5120 3520 ) (3072 5120 -3584 ) 
4 4 13 (2048 4096 -3584 ) (2048 4096 3520 ) (2048 5120 3520 ) (2048 5120 -3584 ) 
4 4 8 (3072 4096 -3584 ) (3072 4096 -64 ) (2048 4096 -64 ) (2048 4096 -3584 ) 
4 4 7 (3072 4096 1 ) (3072 4096 3520 ) (2048 4096 3520 ) (2048 4096 1 ) 
4 5 9 (4096 3072 1 ) (4096 3072 3520 ) (3072 3072 3520 ) (3072 3072 1 ) 
4 5 7 (3072 3072 1 ) (3072 3072 3520 ) (3072 4096 3520 ) (3072 4096 1 ) 
4 6 10 (4096 3072 -3584 ) (4096 3072 -64 ) (3072 3072 -64 ) (3072 3072 -3584 ) 
4 6 8 (3072 3072 -3584 ) (3072 3072 -64 ) (3072 4096 -64 ) (3072 4096 -3584 ) 
4 7 15 (2048 3072 1 ) (2048 3072 3520 ) (2048 4096 3520 ) (2048 4096 1 ) 
4 7 11 (2048 3072 3520 ) (2048 3072 1 ) (3072 3072 1 ) (3072 3072 3520 ) 
4 8 16 (2048 3072 -3584 ) (2048 3072 -64 ) (2048 4096 -64 ) (2048 4096 -3584 ) 
4 8 12 (2048 3072 -64 ) (2048 3072 -3584 ) (3072 3072 -3584 ) (3072 3072 -64 ) 
4 9 33 (4096 2048 1 ) (4096 2048 3520 ) (3072 2048 3520 ) (3072 2048 1 ) 
4 9 11 (3072 3072 3520 ) (3072 3072 1 ) (3072 2048 1 ) (3072 2048 3520 ) 
4 10 34 (4096 2048 -3584 ) (4096 2048 -64 ) (3072 2048 -64 ) (3072 2048 -3584 ) 
4 10 12 (3072 3072 -64 ) (3072 3072 -3584 ) (3072 2048 -3584 ) (3072 2048 -64 ) 
4 11 35 (3072 2048 1 ) (3072 2048 3520 ) (2048 2048 3520 ) (2048 2048 1 ) 
4 11 19 (2048 2048 1 ) (2048 2048 3520 ) (2048 3072 3520 ) (2048 3072 1 ) 
4 12 36 (3072 2048 -3584 ) (3072 2048 -64 ) (2048 2048 -64 ) (2048 2048 -3584 ) 
4 12 20 (2048 2048 -3584 ) (2048 2048 -64 ) (2048 3072 -64 ) (2048 3072 -3584 ) 
4 13 16 (2048 4096 -3584 ) (2048 4096 -64 ) (1024 4096 -64 ) (1024 4096 -3584 ) 
4 13 15 (2048 4096 1 ) (2048 4096 3520 ) (1024 4096 3520 ) (1024 4096 1 ) 
4 13 14 (1024 4096 -3584 ) (1024 4096 3520 ) (1024 5120 3520 ) (1024 5120 -3584 ) 
4 14 23 (0 4096 -3584 ) (0 4096 3520 ) (0 5120 3520 ) (0 5120 -3584 ) 
4 14 18 (1024 4096 -3584 ) (1024 4096 -64 ) (0 4096 -64 ) (0 4096 -3584 ) 
4 14 17 (1024 4096 1 ) (1024 4096 3520 ) (0 4096 3520 ) (0 4096 1 ) 
4 15 19 (2048 3072 1 ) (2048 3072 3520 ) (1024 3072 3520 ) (1024 3072 1 ) 
4 15 17 (1024 3072 1 ) (1024 3072 3520 ) (1024 4096 3520 ) (1024 4096 1 ) 
4 16 20 (2048 3072 -3584 ) (2048 3072 -64 ) (1024 3072 -64 ) (1024 3072 -3584 ) 
4 16 18 (1024 3072 -3584 ) (1024 3072 -64 ) (1024 4096 -64 ) (1024 4096 -3584 ) 
4 17 25 (0 3072 1 ) (0 3072 3520 ) (0 4096 3520 ) (0 4096 1 ) 
4 17 21 (0 3072 3520 ) (0 3072 1 ) (1024 3072 1 ) (1024 3072 3520 ) 
4 18 26 (0 3072 -3584 ) (0 3072 -64 ) (0 4096 -64 ) (0 4096 -3584 ) 
4 18 22 (0 3072 -64 ) (0 3072 -3584 ) (1024 3072 -3584 ) (1024 3072 -64 ) 
4 19 49 (2048 2048 1 ) (2048 2048 3520 ) (1024 2048 3520 ) (1024 2048 1 ) 
4 19 21 (1024 3072 3520 ) (1024 3072 1 ) (1024 2048 1 ) (1024 2048 3520 ) 
4 20 50 (2048 2048 -3584 ) (2048 2048 -64 ) (1024 2048 -64 ) (1024 2048 -3584 ) 
4 20 22 (1024 3072 -64 ) (1024 3072 -3584 ) (1024 2048 -3584 ) (1024 2048 -64 ) 
4 21 51 (1024 2048 1 ) (1024 2048 3520 ) (0 2048 3520 ) (0 2048 1 ) 
4 21 27 (0 2048 1 ) (0 2048 3520 ) (0 3072 3520 ) (0 3072 1 ) 
4 22 52 (1024 2048 -3584 ) (1024 2048 -64 ) (0 2048 -64 ) (0 2048 -3584 ) 
4 22 28 (0 2048 -3584 ) (0 2048 -64 ) (0 3072 -64 ) (0 3072 -3584 ) 
4 23 26 (0 4096 -3584 ) (0 4096 -64 ) (-1024 4096 -64 ) (-1024 4096 -3584 ) 
4 23 25 (0 4096 1 ) (0 4096 3520 ) (-1024 4096 3520 ) (-1024 4096 1 ) 
4 23 24 (-1024 4096 -3584 ) (-1024 4096 3520 ) (-1024 5120 3520 ) (-1024 5120 -3584 ) 
4 24 29 (-1024 4096 -3584 ) (-1024 4096 3520 ) (-1984 4096 3520 ) (-1984 4096 -3584 ) 
4 25 29 (-1024 4096 3520 ) (-1024 4096 1 ) (-1024 3072 1 ) (-1024 3072 3520 ) 
4 25 27 (0 3072 1 ) (0 3072 3520 ) (-1024 3072 3520 ) (-1024 3072 1 ) 
4 26 29 (-1024 4096 -64 ) (-1024 4096 -3584 ) (-1024 3072 -3584 ) (-1024 3072 -64 ) 
4 26 28 (0 3072 -3584 ) (0 3072 -64 ) (-1024 3072 -64 ) (-1024 3072 -3584 ) 
4 27 57 (0 2048 1 ) (0 2048 3520 ) (-1024 2048 3520 ) (-1024 2048 1 ) 
4 27 30 (-1024 2048 1 ) (-1024 2048 3520 ) (-1024 3072 3520 ) (-1024 3072 1 ) 
4 28 58 (0 2048 -3584 ) (0 2048 -64 ) (-1024 2048 -64 ) (-1024 2048 -3584 ) 
4 28 30 (-1024 2048 -3584 ) (-1024 2048 -64 ) (-1024 3072 -64 ) (-1024 3072 -3584 ) 
4 29 30 (-1024 3072 -3584 ) (-1024 3072 3520 ) (-1984 3072 3520 ) (-1984 3072 -3584 ) 
4 30 61 (-1024 2048 -3584 ) (-1024 2048 3520 ) (-1984 2048 3520 ) (-1984 2048 -3584 ) 
4 31 34 (4096 2048 -64 ) (4096 2048 -3584 ) (4096 1024 -3584 ) (4096 1024 -64 ) 
4 31 33 (4096 2048 3520 ) (4096 2048 1 ) (4096 1024 1 ) (4096 1024 3520 ) 
4 31 32 (4928 1024 3520 ) (4096 1024 3520 ) (4096 1024 -3584 ) (4928 1024 -3584 ) 
4 32 41 (4928 0 3520 ) (4096 0 3520 ) (4096 0 -3584 ) (4928 0 -3584 ) 
4 32 38 (4096 0 -3584 ) (4096 0 -64 ) (4096 1024 -64 ) (4096 1024 -3584 ) 
4 32 37 (4096 0 1 ) (4096 0 3520 ) (4096 1024 3520 ) (4096 1024 1 ) 
4 33 37 (4096 1024 1 ) (4096 1024 3520 ) (3072 1024 3520 ) (3072 1024 1 ) 
4 33 35 (3072 2048 3520 ) (3072 2048 1 ) (3072 1024 1 ) (3072 1024 3520 ) 
4 34 38 (4096 1024 -3584 ) (4096 1024 -64 ) (3072 1024 -64 ) (3072 1024 -3584 ) 
4 34 36 (3072 2048 -64 ) (3072 2048 -3584 ) (3072 1024 -3584 ) (3072 1024 -64 ) 
4 35 49 (2048 2048 3520 ) (2048 2048 1 ) (2048 1024 1 ) (2048 1024 3520 ) 
4 35 39 (3072 1024 1 ) (3072 1024 3520 ) (2048 1024 3520 ) (2048 1024 1 ) 
4 36 50 (2048 2048 -64 ) (2048 2048 -3584 ) (2048 1024 -3584 ) (2048 1024 -64 ) 
4 36 40 (3072 1024 -3584 ) (3072 1024 -64 ) (2048 1024 -64 ) (2048 1024 -3584 ) 
4 37 43 (4096 0 1 ) (4096 0 3520 ) (3072 0 3520 ) (3072 0 1 ) 
4 37 39 (3072 1024 3520 ) (3072 1024 1 ) (3072 0 1 ) (3072 0 3520 ) 
4 38 44 (4096 0 -3584 ) (4096 0 -64 ) (3072 0 -64 ) (3072 0 -3584 ) 
4 38 40 (3072 1024 -64 ) (3072 1024 -3584 ) (3072 0 -3584 ) (3072 0 -64 ) 
4 39 53 (2048 0 1 ) (2048 0 3520 ) (2048 1024 3520 ) (2048 1024 1 ) 
4 39 45 (3072 0 1 ) (3072 0 3520 ) (2048 0 3520 ) (2048 0 1 ) 
4 40 54 (2048 0 -3584 ) (2048 0 -64 ) (2048 1024 -64 ) (2048 1024 -3584 ) 
4 40 46 (3072 0 -3584 ) (3072 0 -64 ) (2048 0 -64 ) (2048 0 -3584 ) 
4 41 44 (4096 0 -64 ) (4096 0 -3584 ) (4096 -1024 -3584 ) (4096 -1024 -64 ) 
4 41 43 (4096 0 3520 ) (4096 0 1 ) (4096 -1024 1 ) (4096 -1024 3520 ) 
4 41 42 (4928 -1024 3520 ) (4096 -1024 3520 ) (4096 -1024 -3584 ) (4928 -1024 -3584 ) 
4 42 47 (4096 -1984 3520 ) (4096 -1024 3520 ) (4096 -1024 -3584 ) (4096 -1984 -3584 ) 
4 43 47 (4096 -1024 1 ) (4096 -1024 3520 ) (3072 -1024 3520 ) (3072 -1024 1 ) 
4 43 45 (3072 0 3520 ) (3072 0 1 ) (3072 -1024 1 ) (3072 -1024 3520 ) 
4 44 47 (4096 -1024 -3584 ) (4096 -1024 -64 ) (3072 -1024 -64 ) (3072 -1024 -3584 ) 
4 44 46 (3072 0 -64 ) (3072 0 -3584 ) (3072 -1024 -3584 ) (3072 -1024 -64 ) 
4 45 63 (2048 -1024 1 ) (2048 -1024 3520 ) (2048 0 3520 ) (2048 0 1 ) 
4 45 48 (3072 -1024 1 ) (3072 -1024 3520 ) (2048 -1024 3520 ) (2048 -1024 1 ) 
4 46 64 (2048 -1024 -3584 ) (2048 -1024 -64 ) (2048 0 -64 ) (2048 0 -3584 ) 
4 46 48 (3072 -1024 -3584 ) (3072 -1024 -64 ) (2048 -1024 -64 ) (2048 -1024 -3584 ) 
4 47 48 (3072 -1984 3520 ) (3072 -1024 3520 ) (3072 -1024 -3584 ) (3072 -1984 -3584 ) 
4 48 67 (2048 -1984 3520 ) (2048 -1024 3520 ) (2048 -1024 -3584 ) (2048 -1984 -3584 ) 
4 49 53 (2048 1024 1 ) (2048 1024 3520 ) (1024 1024 3520 ) (1024 1024 1 ) 
4 49 51 (1024 2048 3520 ) (1024 2048 1 ) (1024 1024 1 ) (1024 1024 3520 ) 
4 50 54 (2048 1024 -3584 ) (2048 1024 -64 ) (1024 1024 -64 ) (1024 1024 -3584 ) 
4 50 52 (1024 2048 -64 ) (1024 2048 -3584 ) (1024 1024 -3584 ) (1024 1024 -64 ) 
4 51 57 (0 2048 3520 ) (0 2048 1 ) (0 1024 1 ) (0 1024 3520 ) 
4 51 55 (1024 1024 1 ) (1024 1024 3520 ) (0 1024 3520 ) (0 1024 1 ) 
4 52 58 (0 2048 -64 ) (0 2048 -3584 ) (0 1024 -3584 ) (0 1024 -64 ) 
4 52 56 (1024 1024 -3584 ) (1024 1024 -64 ) (0 1024 -64 ) (0 1024 -3584 ) 
4 53 63 (2048 0 1 ) (2048 0 3520 ) (1024 0 3520 ) (1024 0 1 ) 
4 53 55 (1024 1024 3520 ) (1024 1024 1 ) (1024 0 1 ) (1024 0 3520 ) 
4 54 64 (2048 0 -3584 ) (2048 0 -64 ) (1024 0 -64 ) (1024 0 -3584 ) 
4 54 56 (1024 1024 -64 ) (1024 1024 -3584 ) (1024 0 -3584 ) (1024 0 -64 ) 
4 55 65 (1024 0 1 ) (1024 0 3520 ) (0 0 3520 ) (0 0 1 ) 
4 55 59 (0 0 1 ) (0 0 3520 ) (0 1024 3520 ) (0 1024 1 ) 
4 56 66 (1024 0 -3584 ) (1024 0 -64 ) (0 0 -64 ) (0 0 -3584 ) 
4 56 60 (0 0 -3584 ) (0 0 -64 ) (0 1024 -64 ) (0 1024 -3584 ) 
4 57 61 (-1024 1024 1 ) (-1024 1024 3520 ) (-1024 2048 3520 ) (-1024 2048 1 ) 
4 57 59 (0 1024 1 ) (0 1024 3520 ) (-1024 1024 3520 ) (-1024 1024 1 ) 
4 58 61 (-1024 1024 -3584 ) (-1024 1024 -64 ) (-1024 2048 -64 ) (-1024 2048 -3584 ) 
4 58 60 (0 1024 -3584 ) (0 1024 -64 ) (-1024 1024 -64 ) (-1024 1024 -3584 ) 
4 59 73 (-704 0 512 ) (-1024 0 512 ) (-1024 0 1 ) (-704 0 1 ) 
4 59 71 (-512 0 512 ) (-576 0 512 ) (-576 0 1 ) (-512 0 1 ) 
4 59 70 (0 0 1 ) (0 0 512 ) (-512 0 512 ) (-512 0 1 ) 
4 59 72 (-576 0 512 ) (-704 0 512 ) (-704 0 1 ) (-576 0 1 ) 
4 59 69 (0 0 512 ) (0 0 3520 ) (-1024 0 3520 ) (-1024 0 512 ) 
4 59 62 (-1024 0 1 ) (-1024 0 3520 ) (-1024 1024 3520 ) (-1024 1024 1 ) 
4 60 75 (0 0 -3584 ) (0 0 -64 ) (-1024 0 -64 ) (-1024 0 -3584 ) 
4 60 62 (-1024 0 -3584 ) (-1024 0 -64 ) (-1024 1024 -64 ) (-1024 1024 -3584 ) 
4 61 62 (-1024 1024 -3584 ) (-1024 1024 3520 ) (-1984 1024 3520 ) (-1984 1024 -3584 ) 
4 62 76 (-1024 0 -3584 ) (-1024 0 3520 ) (-1984 0 3520 ) (-1984 0 -3584 ) 
4 63 67 (2048 -1024 1 ) (2048 -1024 3520 ) (1024 -1024 3520 ) (1024 -1024 1 ) 
4 63 65 (1024 0 3520 ) (1024 0 1 ) (1024 -1024 1 ) (1024 -1024 3520 ) 
4 64 67 (2048 -1024 -3584 ) (2048 -1024 -64 ) (1024 -1024 -64 ) (1024 -1024 -3584 ) 
4 64 66 (1024 0 -64 ) (1024 0 -3584 ) (1024 -1024 -3584 ) (1024 -1024 -64 ) 
4 65 70 (0 0 512 ) (0 0 1 ) (0 -1024 1 ) (0 -1024 512 ) 
4 65 69 (0 0 3520 ) (0 0 512 ) (0 -1024 512 ) (0 -1024 3520 ) 
4 65 68 (1024 -1024 1 ) (1024 -1024 3520 ) (0 -1024 3520 ) (0 -1024 1 ) 
4 66 75 (0 0 -64 ) (0 0 -3584 ) (0 -1024 -3584 ) (0 -1024 -64 ) 
4 66 68 (1024 -1024 -3584 ) (1024 -1024 -64 ) (0 -1024 -64 ) (0 -1024 -3584 ) 
4 67 68 (1024 -1984 3520 ) (1024 -1024 3520 ) (1024 -1024 -3584 ) (1024 -1984 -3584 ) 
4 68 77 (0 -1984 3520 ) (0 -1024 3520 ) (0 -1024 -3584 ) (0 -1984 -3584 ) 
4 69 77 (0 -1024 512 ) (0 -1024 3520 ) (-1024 -1024 3520 ) (-1024 -1024 512 ) 
4 69 76 (-1024 0 3520 ) (-1024 0 512 ) (-1024 -1024 512 ) (-1024 -1024 3520 ) 
4 69 73 (-1024 -512 512 ) (-1024 0 512 ) (-704 0 512 ) (-704 -512 512 ) 
4 69 74 (-1024 -1024 512 ) (-1024 -576 512 ) (-704 -576 512 ) (-704 -1024 512 ) 
4 69 71 (-576 0 512 ) (-512 0 512 ) (-512 -704 512 ) (-576 -704 512 ) 
4 69 70 (-512 0 512 ) (0 0 512 ) (0 -1024 512 ) (-512 -1024 512 ) 
4 69 72 (-704 0 512 ) (-576 0 512 ) (-576 -1024 512 ) (-704 -1024 512 ) 
4 70 77 (0 -1024 1 ) (0 -1024 512 ) (-512 -1024 512 ) (-512 -1024 1 ) 
4 70 71 (-512 0 1 ) (-512 -704 1 ) (-512 -704 512 ) (-512 0 512 ) 
4 71 72 (-576 0 1 ) (-576 -704 1 ) (-576 -704 512 ) (-576 0 512 ) 
4 72 77 (-576 -1024 512 ) (-704 -1024 512 ) (-704 -1024 1 ) (-576 -1024 1 ) 
4 72 73 (-704 0 1 ) (-704 -512 1 ) (-704 -512 512 ) (-704 0 512 ) 
4 72 74 (-704 -576 1 ) (-704 -1024 1 ) (-704 -1024 512 ) (-704 -576 512 ) 
4 73 76 (-1024 0 512 ) (-1024 0 1 ) (-1024 -512 1 ) (-1024 -512 512 ) 
4 74 77 (-704 -1024 512 ) (-1024 -1024 512 ) (-1024 -1024 1 ) (-704 -1024 1 ) 
4 74 76 (-1024 -576 1 ) (-1024 -1024 1 ) (-1024 -1024 512 ) (-1024 -576 512 ) 
4 75 77 (0 -1024 -3584 ) (0 -1024 -64 ) (-1024 -1024 -64 ) (-1024 -1024 -3584 ) 
4 75 76 (-1024 0 -64 ) (-1024 0 -3584 ) (-1024 -1024 -3584 ) (-1024 -1024 -64 ) 
4 76 78 (-1024 -1024 -3584 ) (-1024 -1024 3520 ) (-1984 -1024 3520 ) (-1984 -1024 -3584 ) 
4 77 78 (-1024 -1024 3520 ) (-1024 -1024 -3584 ) (-1024 -1984 -3584 ) (-1024 -1984 3520 ) 
